finding all completions of prefix "spino":
spinosaurus
finding all completions of prefix "dilo":
dilophosaurus
finding all completions of prefix "a":
allosaurus
finding all completions of prefix "b":
barosaurus baryonyx brachiosaurus brachyceratops brontosaurus
finding all completions of prefix "ba":
barosaurus baryonyx
finding all completions of prefix "di":
dilophosaurus diplodocus
finding all completions of prefix "pachy":
pachyrhinosaurus
finding all completions of prefix "c":
carnotarus chicken
finding all completions of prefix "carnosaurus":
finding all completions of prefix "velo":
velociraptor
finding all completions of prefix "bird":
finding all completions of prefix "dog":
